  Engine.cpp
  main.cpp
  MenuScene.cpp
  Generating Code...
Engine.obj : error LNK2019: unresolved external symbol "__declspec(dllimport) public: __cdecl sf::String::String(char const *,class std::locale const &)" (__imp_??0String@sf@@QEAA@PEBDAEBVlocale@std@@@Z) referenced in function "void __cdecl std::_Construct_in_place<class sf::RenderWindow,class sf::VideoMode,char const (&)[6],int>(class sf::RenderWindow &,class sf::VideoMode &&,char const (&)[6],int &&)" (??$_Construct_in_place@VRenderWindow@sf@@VVideoMode@2@AEAY05$$CBDH@std@@YAXAEAVRenderWindow@sf@@$$QEAVVideoMode@2@AEAY05$$CBD$$QEAH@Z)
Engine.obj : error LNK2019: unresolved external symbol "__declspec(dllimport) public: __cdecl sf::String::String(class std::basic_string<char,struct std::char_traits<char>,class std::allocator<char> > const &,class std::locale const &)" (__imp_??0String@sf@@QEAA@AEBV?$basic_string@DU?$char_traits@D@std@@V?$allocator@D@2@@std@@AEBVlocale@3@@Z) referenced in function "public: class std::shared_ptr<class sf::Text> __cdecl Engine::CreateTextToPrint(class std::basic_string<char,struct std::char_traits<char>,class std::allocator<char> > const &)" (?CreateTextToPrint@Engine@@QEAA?AV?$shared_ptr@VText@sf@@@std@@AEBV?$basic_string@DU?$char_traits@D@std@@V?$allocator@D@2@@3@@Z)
Engine.obj : error LNK2019: unresolved external symbol "__declspec(dllimport) public: __cdecl sf::String::~String(void)" (__imp_??1String@sf@@QEAA@XZ) referenced in function "void __cdecl std::_Construct_in_place<class sf::RenderWindow,class sf::VideoMode,char const (&)[6],int>(class sf::RenderWindow &,class sf::VideoMode &&,char const (&)[6],int &&)" (??$_Construct_in_place@VRenderWindow@sf@@VVideoMode@2@AEAY05$$CBDH@std@@YAXAEAVRenderWindow@sf@@$$QEAVVideoMode@2@AEAY05$$CBD$$QEAH@Z)
Engine.obj : error LNK2019: unresolved external symbol "__declspec(dllimport) public: __cdecl sf::VideoMode::VideoMode(unsigned int,unsigned int,unsigned int)" (__imp_??0VideoMode@sf@@QEAA@III@Z) referenced in function "public: void __cdecl Engine::Init(void)" (?Init@Engine@@QEAAXXZ)
Engine.obj : error LNK2019: unresolved external symbol "__declspec(dllimport) public: void __cdecl sf::Window::setIcon(unsigned int,unsigned int,unsigned char const *)" (__imp_?setIcon@Window@sf@@QEAAXIIPEBE@Z) referenced in function "public: void __cdecl Engine::Init(void)" (?Init@Engine@@QEAAXXZ)
Engine.obj : error LNK2019: unresolved external symbol "__declspec(dllimport) public: void __cdecl sf::Window::setFramerateLimit(unsigned int)" (__imp_?setFramerateLimit@Window@sf@@QEAAXI@Z) referenced in function "public: void __cdecl Engine::Init(void)" (?Init@Engine@@QEAAXXZ)
Engine.obj : error LNK2019: unresolved external symbol "__declspec(dllimport) public: __cdecl sf::Image::Image(void)" (__imp_??0Image@sf@@QEAA@XZ) referenced in function "public: void __cdecl Engine::Init(void)" (?Init@Engine@@QEAAXXZ)
Engine.obj : error LNK2019: unresolved external symbol "__declspec(dllimport) public: __cdecl sf::Image::~Image(void)" (__imp_??1Image@sf@@QEAA@XZ) referenced in function "public: void __cdecl Engine::Init(void)" (?Init@Engine@@QEAAXXZ)
Engine.obj : error LNK2019: unresolved external symbol "__declspec(dllimport) public: bool __cdecl sf::Image::loadFromFile(class std::basic_string<char,struct std::char_traits<char>,class std::allocator<char> > const &)" (__imp_?loadFromFile@Image@sf@@QEAA_NAEBV?$basic_string@DU?$char_traits@D@std@@V?$allocator@D@2@@std@@@Z) referenced in function "public: void __cdecl Engine::Init(void)" (?Init@Engine@@QEAAXXZ)
Engine.obj : error LNK2019: unresolved external symbol "__declspec(dllimport) public: class sf::Vector2<unsigned int> __cdecl sf::Image::getSize(void)const " (__imp_?getSize@Image@sf@@QEBA?AV?$Vector2@I@2@XZ) referenced in function "public: void __cdecl Engine::Init(void)" (?Init@Engine@@QEAAXXZ)
Engine.obj : error LNK2019: unresolved external symbol "__declspec(dllimport) public: unsigned char const * __cdecl sf::Image::getPixelsPtr(void)const " (__imp_?getPixelsPtr@Image@sf@@QEBAPEBEXZ) referenced in function "public: void __cdecl Engine::Init(void)" (?Init@Engine@@QEAAXXZ)
Engine.obj : error LNK2019: unresolved external symbol "__declspec(dllimport) public: __cdecl sf::Font::Font(void)" (__imp_??0Font@sf@@QEAA@XZ) referenced in function "private: __cdecl Engine::Engine(void)" (??0Engine@@AEAA@XZ)
Engine.obj : error LNK2019: unresolved external symbol "__declspec(dllimport) public: __cdecl sf::Font::~Font(void)" (__imp_??1Font@sf@@QEAA@XZ) referenced in function "int `private: __cdecl Engine::Engine(void)'::`1'::dtor$1" (?dtor$1@?0???0Engine@@AEAA@XZ@4HA)
Engine.obj : error LNK2019: unresolved external symbol "__declspec(dllimport) public: bool __cdecl sf::Font::loadFromFile(class std::basic_string<char,struct std::char_traits<char>,class std::allocator<char> > const &)" (__imp_?loadFromFile@Font@sf@@QEAA_NAEBV?$basic_string@DU?$char_traits@D@std@@V?$allocator@D@2@@std@@@Z) referenced in function "private: __cdecl Engine::Engine(void)" (??0Engine@@AEAA@XZ)
Engine.obj : error LNK2019: unresolved external symbol "__declspec(dllimport) public: __cdecl sf::RenderWindow::RenderWindow(class sf::VideoMode,class sf::String const &,unsigned int,struct sf::ContextSettings const &)" (__imp_??0RenderWindow@sf@@QEAA@VVideoMode@1@AEBVString@1@IAEBUContextSettings@1@@Z) referenced in function "void __cdecl std::_Construct_in_place<class sf::RenderWindow,class sf::VideoMode,char const (&)[6],int>(class sf::RenderWindow &,class sf::VideoMode &&,char const (&)[6],int &&)" (??$_Construct_in_place@VRenderWindow@sf@@VVideoMode@2@AEAY05$$CBDH@std@@YAXAEAVRenderWindow@sf@@$$QEAVVideoMode@2@AEAY05$$CBD$$QEAH@Z)
Engine.obj : error LNK2019: unresolved external symbol "__declspec(dllimport) public: virtual __cdecl sf::RenderWindow::~RenderWindow(void)" (__imp_??1RenderWindow@sf@@UEAA@XZ) referenced in function "public: virtual void * __cdecl sf::RenderWindow::`scalar deleting destructor'(unsigned int)" (??_GRenderWindow@sf@@UEAAPEAXI@Z)
Engine.obj : error LNK2019: unresolved external symbol "__declspec(dllimport) public: __cdecl sf::Text::Text(void)" (__imp_??0Text@sf@@QEAA@XZ) referenced in function "void __cdecl std::_Construct_in_place<class sf::Text>(class sf::Text &)" (??$_Construct_in_place@VText@sf@@$$V@std@@YAXAEAVText@sf@@@Z)
Engine.obj : error LNK2019: unresolved external symbol "__declspec(dllimport) public: void __cdecl sf::Text::setString(class sf::String const &)" (__imp_?setString@Text@sf@@QEAAXAEBVString@2@@Z) referenced in function "public: class std::shared_ptr<class sf::Text> __cdecl Engine::CreateTextToPrint(class std::basic_string<char,struct std::char_traits<char>,class std::allocator<char> > const &)" (?CreateTextToPrint@Engine@@QEAA?AV?$shared_ptr@VText@sf@@@std@@AEBV?$basic_string@DU?$char_traits@D@std@@V?$allocator@D@2@@3@@Z)
Engine.obj : error LNK2019: unresolved external symbol "__declspec(dllimport) public: void __cdecl sf::Text::setFont(class sf::Font const &)" (__imp_?setFont@Text@sf@@QEAAXAEBVFont@2@@Z) referenced in function "public: class std::shared_ptr<class sf::Text> __cdecl Engine::CreateTextToPrint(class std::basic_string<char,struct std::char_traits<char>,class std::allocator<char> > const &)" (?CreateTextToPrint@Engine@@QEAA?AV?$shared_ptr@VText@sf@@@std@@AEBV?$basic_string@DU?$char_traits@D@std@@V?$allocator@D@2@@3@@Z)
Engine.obj : error LNK2019: unresolved external symbol "__declspec(dllimport) public: void __cdecl sf::Text::setFillColor(class sf::Color const &)" (__imp_?setFillColor@Text@sf@@QEAAXAEBVColor@2@@Z) referenced in function "public: class std::shared_ptr<class sf::Text> __cdecl Engine::CreateTextToPrint(class std::basic_string<char,struct std::char_traits<char>,class std::allocator<char> > const &)" (?CreateTextToPrint@Engine@@QEAA?AV?$shared_ptr@VText@sf@@@std@@AEBV?$basic_string@DU?$char_traits@D@std@@V?$allocator@D@2@@3@@Z)
Engine.obj : error LNK2019: unresolved external symbol "__declspec(dllimport) public: virtual __cdecl sf::Text::~Text(void)" (__imp_??1Text@sf@@UEAA@XZ) referenced in function "public: virtual void * __cdecl sf::Text::`scalar deleting destructor'(unsigned int)" (??_GText@sf@@UEAAPEAXI@Z)
Engine.obj : error LNK2001: unresolved external symbol "public: virtual void __cdecl MenuScene::UpdateInput(void)" (?UpdateInput@MenuScene@@UEAAXXZ)
Engine.obj : error LNK2001: unresolved external symbol "public: virtual void __cdecl MenuScene::Update(float)" (?Update@MenuScene@@UEAAXM@Z)
Engine.obj : error LNK2001: unresolved external symbol "private: virtual void __cdecl sf::Text::draw(class sf::RenderTarget &,class sf::RenderStates)const " (?draw@Text@sf@@EEBAXAEAVRenderTarget@2@VRenderStates@2@@Z)
Engine.obj : error LNK2001: unresolved external symbol "public: virtual class sf::Vector2<unsigned int> __cdecl sf::RenderWindow::getSize(void)const " (?getSize@RenderWindow@sf@@UEBA?AV?$Vector2@I@2@XZ)
Engine.obj : error LNK2001: unresolved external symbol "public: virtual bool __cdecl sf::RenderWindow::setActive(bool)" (?setActive@RenderWindow@sf@@UEAA_N_N@Z)
Engine.obj : error LNK2001: unresolved external symbol "protected: virtual void __cdecl sf::RenderWindow::onCreate(void)" (?onCreate@RenderWindow@sf@@MEAAXXZ)
Engine.obj : error LNK2001: unresolved external symbol "protected: virtual void __cdecl sf::RenderWindow::onResize(void)" (?onResize@RenderWindow@sf@@MEAAXXZ)
Engine.obj : error LNK2019: unresolved external symbol "__declspec(dllimport) public: static class sf::Color const sf::Color::White" (__imp_?White@Color@sf@@2V12@B) referenced in function "public: class std::shared_ptr<class sf::Text> __cdecl Engine::CreateTextToPrint(class std::basic_string<char,struct std::char_traits<char>,class std::allocator<char> > const &)" (?CreateTextToPrint@Engine@@QEAA?AV?$shared_ptr@VText@sf@@@std@@AEBV?$basic_string@DU?$char_traits@D@std@@V?$allocator@D@2@@3@@Z)
D:\Dev\Wonszzeczny\Wonszzeczny\libs\SFML-2.5.1\lib\sfml-graphics-d.lib : warning LNK4272: library machine type 'x86' conflicts with target machine type 'x64'
D:\Dev\Wonszzeczny\Wonszzeczny\libs\SFML-2.5.1\lib\sfml-window-d.lib : warning LNK4272: library machine type 'x86' conflicts with target machine type 'x64'
D:\Dev\Wonszzeczny\Wonszzeczny\libs\SFML-2.5.1\lib\sfml-audio-d.lib : warning LNK4272: library machine type 'x86' conflicts with target machine type 'x64'
D:\Dev\Wonszzeczny\Wonszzeczny\libs\SFML-2.5.1\lib\sfml-network-d.lib : warning LNK4272: library machine type 'x86' conflicts with target machine type 'x64'
D:\Dev\Wonszzeczny\Wonszzeczny\libs\SFML-2.5.1\lib\sfml-system-d.lib : warning LNK4272: library machine type 'x86' conflicts with target machine type 'x64'
D:\Dev\Wonszzeczny\x64\Debug\Wonszzeczny.exe : fatal error LNK1120: 29 unresolved externals
